<?xml version="1.0" encoding="UTF-8"?>
<!-- Generated by org.testng.reporters.JUnitReportReporter -->
<testsuite skipped="0" hostname="Sameers-MacBook-Pro.local" name="MavenEx01.TestSuite.tc01_Test" tests="2" failures="0" timestamp="2020-01-17T19:56:19 CST" time="0.018" errors="0">
  <testcase name="Method2" time="0.003" classname="MavenEx01.TestSuite.tc01_Test"/>
  <testcase name="Method11" time="0.015" classname="MavenEx01.TestSuite.tc01_Test"/>
</testsuite> <!-- MavenEx01.TestSuite.tc01_Test -->
