<?xml version="1.0" encoding="UTF-8"?>
<!-- Generated by org.testng.reporters.JUnitReportReporter -->
<testsuite skipped="0" hostname="Sameers-MacBook-Pro.local" name="MavenEx01.TestSuite.testtc01" tests="2" failures="0" timestamp="2020-01-17T12:58:13 CST" time="0.013" errors="0">
  <testcase name="Method2" time="0.001" classname="MavenEx01.TestSuite.testtc01"/>
  <testcase name="Method1" time="0.012" classname="MavenEx01.TestSuite.testtc01"/>
</testsuite> <!-- MavenEx01.TestSuite.testtc01 -->
